;  LST file generated by mikroListExporter - v.2.0 
; Date/Time: 6/25/2012 3:20:17 PM
;----------------------------------------------

;Address Opcode 	ASM
0x0000	0x2858      	GOTO       88
_____DoICP:
;__Lib_System.c,6 :: 		
;__Lib_System.c,9 :: 		
0x0003	0x1283      	BCF        STATUS, 5
0x0004	0x1303      	BCF        STATUS, 6
0x0005	0x0821      	MOVF       ___DoICPAddr+1, 0
0x0006	0x008A      	MOVWF      PCLATH
;__Lib_System.c,10 :: 		
0x0007	0x0820      	MOVF       ___DoICPAddr, 0
0x0008	0x0082      	MOVWF      PCL
;__Lib_System.c,12 :: 		
L_end_____DoICP:
0x0009	0x0008      	RETURN
; end of _____DoICP
_Delay_500us:
;__Lib_Delays.c,27 :: 		void Delay_500us() {
;__Lib_Delays.c,28 :: 		Delay_us(498);
0x000A	0x30A5      	MOVLW      165
0x000B	0x1283      	BCF        STATUS, 5
0x000C	0x1303      	BCF        STATUS, 6
0x000D	0x00FD      	MOVWF      R13
L_Delay_500us4:
0x000E	0x0BFD      	DECFSZ     R13, 1
0x000F	0x280E      	GOTO       L_Delay_500us4
0x0010	0x0000      	NOP
0x0011	0x0000      	NOP
;__Lib_Delays.c,29 :: 		}
L_end_Delay_500us:
0x0012	0x0008      	RETURN
; end of _Delay_500us
_Button:
;__Lib_Button.c,6 :: 		
;__Lib_Button.c,8 :: 		
0x0013	0x1283      	BCF        STATUS, 5
0x0014	0x1303      	BCF        STATUS, 6
0x0015	0x01AB      	CLRF       Button_rslt_L0
;__Lib_Button.c,11 :: 		
0x0016	0x0827      	MOVF       FARG_Button_pin, 0
0x0017	0x00F1      	MOVWF      R1
0x0018	0x3001      	MOVLW      1
0x0019	0x00F0      	MOVWF      R0
0x001A	0x0871      	MOVF       R1, 0
L__Button5:
0x001B	0x1903      	BTFSC      STATUS, 2
0x001C	0x2821      	GOTO       L__Button6
0x001D	0x0DF0      	RLF        R0, 1
0x001E	0x1070      	BCF        R0, 0
0x001F	0x3EFF      	ADDLW      255
0x0020	0x281B      	GOTO       L__Button5
L__Button6:
0x0021	0x0870      	MOVF       R0, 0
0x0022	0x00AA      	MOVWF      Button_pMask_L0
;__Lib_Button.c,13 :: 		
0x0023	0x0826      	MOVF       FARG_Button_port, 0
0x0024	0x0084      	MOVWF      FSR
0x0025	0x0870      	MOVF       R0, 0
0x0026	0x0500      	ANDWF      INDF, 0
0x0027	0x00F1      	MOVWF      R1
0x0028	0x0871      	MOVF       R1, 0
0x0029	0x3001      	MOVLW      1
0x002A	0x1D03      	BTFSS      STATUS, 2
0x002B	0x3000      	MOVLW      0
0x002C	0x00F0      	MOVWF      R0
0x002D	0x0829      	MOVF       FARG_Button_active_state, 0
0x002E	0x06F0      	XORWF      R0, 1
0x002F	0x1903      	BTFSC      STATUS, 2
0x0030	0x2849      	GOTO       L_Button0
;__Lib_Button.c,15 :: 		
L_Button1:
0x0031	0x0828      	MOVF       FARG_Button_time_ms, 0
0x0032	0x3C00      	SUBLW      0
0x0033	0x1803      	BTFSC      STATUS, 0
0x0034	0x2839      	GOTO       L_Button2
;__Lib_Button.c,16 :: 		
0x0035	0x200A      	CALL       _Delay_500us
;__Lib_Button.c,17 :: 		
0x0036	0x200A      	CALL       _Delay_500us
;__Lib_Button.c,18 :: 		
0x0037	0x03A8      	DECF       FARG_Button_time_ms, 1
;__Lib_Button.c,19 :: 		
0x0038	0x2831      	GOTO       L_Button1
L_Button2:
;__Lib_Button.c,21 :: 		
0x0039	0x0826      	MOVF       FARG_Button_port, 0
0x003A	0x0084      	MOVWF      FSR
0x003B	0x082A      	MOVF       Button_pMask_L0, 0
0x003C	0x0500      	ANDWF      INDF, 0
0x003D	0x00F1      	MOVWF      R1
0x003E	0x0871      	MOVF       R1, 0
0x003F	0x3001      	MOVLW      1
0x0040	0x1D03      	BTFSS      STATUS, 2
0x0041	0x3000      	MOVLW      0
0x0042	0x00F0      	MOVWF      R0
0x0043	0x0829      	MOVF       FARG_Button_active_state, 0
0x0044	0x06F0      	XORWF      R0, 1
0x0045	0x1903      	BTFSC      STATUS, 2
0x0046	0x2849      	GOTO       L_Button3
;__Lib_Button.c,22 :: 		
0x0047	0x30FF      	MOVLW      255
0x0048	0x00AB      	MOVWF      Button_rslt_L0
L_Button3:
;__Lib_Button.c,23 :: 		
L_Button0:
;__Lib_Button.c,25 :: 		
0x0049	0x082B      	MOVF       Button_rslt_L0, 0
0x004A	0x00F0      	MOVWF      R0
;__Lib_Button.c,26 :: 		
L_end_Button:
0x004B	0x0008      	RETURN
; end of _Button
___CC2DW:
;__Lib_System.c,24 :: 		
;__Lib_System.c,27 :: 		
_CC2D_Loop1:
;__Lib_System.c,29 :: 		
0x004C	0x2003      	CALL       _____DoICP
0x004D	0x118A      	BCF        PCLATH, 3
0x004E	0x120A      	BCF        PCLATH, 4
;__Lib_System.c,31 :: 		
0x004F	0x0080      	MOVWF      INDF
;__Lib_System.c,32 :: 		
0x0050	0x0A84      	INCF       FSR, 1
;__Lib_System.c,33 :: 		
0x0051	0x0AA0      	INCF       ___DoICPAddr, 1
;__Lib_System.c,35 :: 		
0x0052	0x1903      	BTFSC      STATUS, 2
;__Lib_System.c,36 :: 		
0x0053	0x0AA1      	INCF       ___DoICPAddr+1, 1
;__Lib_System.c,37 :: 		
0x0054	0x03F0      	DECF       R0, 1
;__Lib_System.c,39 :: 		
0x0055	0x1D03      	BTFSS      STATUS, 2
;__Lib_System.c,40 :: 		
0x0056	0x284C      	GOTO       _CC2D_Loop1
;__Lib_System.c,42 :: 		
L_end___CC2DW:
0x0057	0x0008      	RETURN
; end of ___CC2DW
_main:
;Snes Controller.c,3 :: 		void main() {
;Snes Controller.c,4 :: 		ADCON1=0x06;
0x0058	0x3006      	MOVLW      6
0x0059	0x1683      	BSF        STATUS, 5
0x005A	0x1303      	BCF        STATUS, 6
0x005B	0x009F      	MOVWF      ADCON1
;Snes Controller.c,6 :: 		TRISA=0x01;
0x005C	0x3001      	MOVLW      1
0x005D	0x0085      	MOVWF      TRISA
;Snes Controller.c,7 :: 		TRISB=0x00;
0x005E	0x0186      	CLRF       TRISB
;Snes Controller.c,8 :: 		TRISC=0x00;
0x005F	0x0187      	CLRF       TRISC
;Snes Controller.c,9 :: 		PORTB=0x00;
0x0060	0x1283      	BCF        STATUS, 5
0x0061	0x0186      	CLRF       PORTB
;Snes Controller.c,10 :: 		PORTC=0x00;
0x0062	0x0187      	CLRF       PORTC
;Snes Controller.c,11 :: 		Start:
___main_Start:
;Snes Controller.c,12 :: 		PORTA=0x00;
0x0063	0x0185      	CLRF       PORTA
;Snes Controller.c,14 :: 		Data=0x00;
0x0064	0x01A2      	CLRF       _Data
;Snes Controller.c,15 :: 		Data2=0x00;
0x0065	0x01A5      	CLRF       _Data2
;Snes Controller.c,17 :: 		PORTA=0x02; //Set Latch HIGH
0x0066	0x3002      	MOVLW      2
0x0067	0x0085      	MOVWF      PORTA
;Snes Controller.c,18 :: 		Delay_us(12);
0x0068	0x3003      	MOVLW      3
0x0069	0x00FD      	MOVWF      R13
L_main0:
0x006A	0x0BFD      	DECFSZ     R13, 1
0x006B	0x286A      	GOTO       L_main0
0x006C	0x0000      	NOP
0x006D	0x0000      	NOP
;Snes Controller.c,19 :: 		PORTA=0x00;
0x006E	0x0185      	CLRF       PORTA
;Snes Controller.c,21 :: 		if (Button(&PORTA, 0, 1, 1))temp1=0;
0x006F	0x3005      	MOVLW      PORTA
0x0070	0x00A6      	MOVWF      FARG_Button_port
0x0071	0x01A7      	CLRF       FARG_Button_pin
0x0072	0x3001      	MOVLW      1
0x0073	0x00A8      	MOVWF      FARG_Button_time_ms
0x0074	0x3001      	MOVLW      1
0x0075	0x00A9      	MOVWF      FARG_Button_active_state
0x0076	0x2013      	CALL       _Button
0x0077	0x0870      	MOVF       R0, 0
0x0078	0x1903      	BTFSC      STATUS, 2
0x0079	0x287C      	GOTO       L_main1
0x007A	0x01A3      	CLRF       _temp1
0x007B	0x287E      	GOTO       L_main2
L_main1:
;Snes Controller.c,22 :: 		else temp1=1;
0x007C	0x3001      	MOVLW      1
0x007D	0x00A3      	MOVWF      _temp1
L_main2:
;Snes Controller.c,23 :: 		Data|=temp1;
0x007E	0x0823      	MOVF       _temp1, 0
0x007F	0x04A2      	IORWF      _Data, 1
;Snes Controller.c,25 :: 		for(i=1;i<8;i++){//Read();
0x0080	0x3001      	MOVLW      1
0x0081	0x00A4      	MOVWF      _i
L_main3:
0x0082	0x3008      	MOVLW      8
0x0083	0x0224      	SUBWF      _i, 0
0x0084	0x1803      	BTFSC      STATUS, 0
0x0085	0x28AD      	GOTO       L_main4
;Snes Controller.c,26 :: 		Delay_us(6);
0x0086	0x0000      	NOP
0x0087	0x0000      	NOP
0x0088	0x0000      	NOP
0x0089	0x0000      	NOP
0x008A	0x0000      	NOP
0x008B	0x0000      	NOP
;Snes Controller.c,27 :: 		PORTA=0x04;
0x008C	0x3004      	MOVLW      4
0x008D	0x0085      	MOVWF      PORTA
;Snes Controller.c,28 :: 		temp1=0;
0x008E	0x01A3      	CLRF       _temp1
;Snes Controller.c,29 :: 		if (RA0_bit)temp1=0;
0x008F	0x1C05      	BTFSS      RA0_bit, 0
0x0090	0x2893      	GOTO       L_main6
0x0091	0x01A3      	CLRF       _temp1
0x0092	0x28A2      	GOTO       L_main7
L_main6:
;Snes Controller.c,30 :: 		else temp1=BITS[i];
0x0093	0x0824      	MOVF       _i, 0
0x0094	0x3EE0      	ADDLW      _BITS
0x0095	0x00F0      	MOVWF      R0
0x0096	0x3000      	MOVLW      hi_addr(_BITS)
0x0097	0x1803      	BTFSC      STATUS, 0
0x0098	0x3E01      	ADDLW      1
0x0099	0x00F1      	MOVWF      R0+1
0x009A	0x0870      	MOVF       R0, 0
0x009B	0x00A0      	MOVWF      ___DoICPAddr
0x009C	0x0871      	MOVF       R0+1, 0
0x009D	0x00A1      	MOVWF      ___DoICPAddr+1
0x009E	0x2003      	CALL       _____DoICP
0x009F	0x118A      	BCF        PCLATH, 3
0x00A0	0x120A      	BCF        PCLATH, 4
0x00A1	0x00A3      	MOVWF      _temp1
L_main7:
;Snes Controller.c,31 :: 		Data|=temp1;
0x00A2	0x0823      	MOVF       _temp1, 0
0x00A3	0x04A2      	IORWF      _Data, 1
;Snes Controller.c,32 :: 		Delay_us(6);
0x00A4	0x0000      	NOP
0x00A5	0x0000      	NOP
0x00A6	0x0000      	NOP
0x00A7	0x0000      	NOP
0x00A8	0x0000      	NOP
0x00A9	0x0000      	NOP
;Snes Controller.c,33 :: 		PORTA=0x00;
0x00AA	0x0185      	CLRF       PORTA
;Snes Controller.c,25 :: 		for(i=1;i<8;i++){//Read();
0x00AB	0x0AA4      	INCF       _i, 1
;Snes Controller.c,34 :: 		}
0x00AC	0x2882      	GOTO       L_main3
L_main4:
;Snes Controller.c,35 :: 		temp1=0x00;
0x00AD	0x01A3      	CLRF       _temp1
;Snes Controller.c,36 :: 		for(i=0;i<8;i++){//Read();
0x00AE	0x01A4      	CLRF       _i
L_main8:
0x00AF	0x3008      	MOVLW      8
0x00B0	0x0224      	SUBWF      _i, 0
0x00B1	0x1803      	BTFSC      STATUS, 0
0x00B2	0x28DA      	GOTO       L_main9
;Snes Controller.c,37 :: 		Delay_us(6);
0x00B3	0x0000      	NOP
0x00B4	0x0000      	NOP
0x00B5	0x0000      	NOP
0x00B6	0x0000      	NOP
0x00B7	0x0000      	NOP
0x00B8	0x0000      	NOP
;Snes Controller.c,38 :: 		PORTA=0x04;
0x00B9	0x3004      	MOVLW      4
0x00BA	0x0085      	MOVWF      PORTA
;Snes Controller.c,39 :: 		temp1=0;
0x00BB	0x01A3      	CLRF       _temp1
;Snes Controller.c,40 :: 		if (RA0_bit)temp1=0;
0x00BC	0x1C05      	BTFSS      RA0_bit, 0
0x00BD	0x28C0      	GOTO       L_main11
0x00BE	0x01A3      	CLRF       _temp1
0x00BF	0x28CF      	GOTO       L_main12
L_main11:
;Snes Controller.c,41 :: 		else temp1=BITS[i];
0x00C0	0x0824      	MOVF       _i, 0
0x00C1	0x3EE0      	ADDLW      _BITS
0x00C2	0x00F0      	MOVWF      R0
0x00C3	0x3000      	MOVLW      hi_addr(_BITS)
0x00C4	0x1803      	BTFSC      STATUS, 0
0x00C5	0x3E01      	ADDLW      1
0x00C6	0x00F1      	MOVWF      R0+1
0x00C7	0x0870      	MOVF       R0, 0
0x00C8	0x00A0      	MOVWF      ___DoICPAddr
0x00C9	0x0871      	MOVF       R0+1, 0
0x00CA	0x00A1      	MOVWF      ___DoICPAddr+1
0x00CB	0x2003      	CALL       _____DoICP
0x00CC	0x118A      	BCF        PCLATH, 3
0x00CD	0x120A      	BCF        PCLATH, 4
0x00CE	0x00A3      	MOVWF      _temp1
L_main12:
;Snes Controller.c,42 :: 		Data2|=temp1;
0x00CF	0x0823      	MOVF       _temp1, 0
0x00D0	0x04A5      	IORWF      _Data2, 1
;Snes Controller.c,43 :: 		Delay_us(6);
0x00D1	0x0000      	NOP
0x00D2	0x0000      	NOP
0x00D3	0x0000      	NOP
0x00D4	0x0000      	NOP
0x00D5	0x0000      	NOP
0x00D6	0x0000      	NOP
;Snes Controller.c,44 :: 		PORTA=0x00;
0x00D7	0x0185      	CLRF       PORTA
;Snes Controller.c,36 :: 		for(i=0;i<8;i++){//Read();
0x00D8	0x0AA4      	INCF       _i, 1
;Snes Controller.c,45 :: 		}
0x00D9	0x28AF      	GOTO       L_main8
L_main9:
;Snes Controller.c,46 :: 		PORTB=Data2;
0x00DA	0x0825      	MOVF       _Data2, 0
0x00DB	0x0086      	MOVWF      PORTB
;Snes Controller.c,47 :: 		PORTC=Data;
0x00DC	0x0822      	MOVF       _Data, 0
0x00DD	0x0087      	MOVWF      PORTC
;Snes Controller.c,48 :: 		goto Start;
0x00DE	0x2863      	GOTO       ___main_Start
;Snes Controller.c,49 :: 		}
L_end_main:
0x00DF	0x28DF      	GOTO       $+0
; end of _main
;Snes Controller.c,1 :: _BITS
0x00E0	0x3401 ;_BITS+0
0x00E1	0x3402 ;_BITS+1
0x00E2	0x3404 ;_BITS+2
0x00E3	0x3408 ;_BITS+3
0x00E4	0x3410 ;_BITS+4
0x00E5	0x3420 ;_BITS+5
0x00E6	0x3440 ;_BITS+6
0x00E7	0x3480 ;_BITS+7
; end of _BITS
Symbol List:
//** Routines locations **
//ADDRESS    SIZE    PROCEDURE
//----------------------------------------------
0x0003       [7]    _____DoICP
0x000A       [9]    _Delay_500us
0x0013      [57]    _Button
0x004C      [12]    ___CC2DW
0x0058     [136]    _main
//** Variables locations ** 
//ADDRESS    SIZE    VARIABLE
//----------------------------------------------
0x0000       [1]    INDF
0x0002       [1]    PCL
0x0003       [1]    STATUS
0x0004       [1]    FSR
0x0005       [0]    RA0_bit
0x0005       [1]    PORTA
0x0006       [1]    PORTB
0x0007       [1]    PORTC
0x000A       [1]    PCLATH
0x000B       [1]    INTCON
0x000C       [1]    PIR1
0x000D       [1]    PIR2
0x0010       [1]    T1CON
0x0012       [1]    T2CON
0x0014       [1]    SSPCON
0x0017       [1]    CCP1CON
0x0018       [1]    RCSTA
0x001D       [1]    CCP2CON
0x001F       [1]    ADCON0
0x0020       [2]    ___DoICPAddr
0x0022       [1]    _Data
0x0023       [1]    _temp1
0x0024       [1]    _i
0x0025       [1]    _Data2
0x0026       [1]    FARG_Button_port
0x0027       [1]    FARG_Button_pin
0x0028       [1]    FARG_Button_time_ms
0x0029       [1]    FARG_Button_active_state
0x002A       [1]    Button_pMask_L0
0x002B       [1]    Button_rslt_L0
0x0070       [1]    R0
0x0071       [1]    R1
0x0072       [1]    R2
0x0073       [1]    R3
0x0074       [1]    R4
0x0075       [1]    R5
0x0076       [1]    R6
0x0077       [1]    R7
0x0078       [1]    R8
0x0079       [1]    R9
0x007A       [1]    R10
0x007B       [1]    R11
0x007C       [1]    R12
0x007D       [1]    R13
0x007E       [1]    R14
0x007F       [1]    R15
0x0081       [1]    OPTION_REG
0x0085       [1]    TRISA
0x0086       [1]    TRISB
0x0087       [1]    TRISC
0x008C       [1]    PIE1
0x008D       [1]    PIE2
0x008E       [1]    PCON
0x0091       [1]    SSPCON2
0x0094       [1]    SSPSTAT
0x0098       [1]    TXSTA
0x009C       [1]    CMCON
0x009D       [1]    CVRCON
0x009F       [1]    ADCON1
0x018C       [1]    EECON1
//** Constants locations ** 
//ADDRESS    SIZE    CONSTANT
//----------------------------------------------
0x00E0       [8]    _BITS
//** Label List: ** 
//----------------------------------------------
  L_end_P16F873A___?ag
  P16F873A____?ag
  ___main_Start
  L_main0
  L_main1
  L_main2
  L_main3
  L_main4
  L_main5
  L_main6
  L_main7
  L_main8
  L_main9
  L_main10
  L_main11
  L_main12
  L_end_main
  _main
  L_Button0
  L_Button1
  L_Button2
  L_Button3
  L_end_Button
  _Button
  L__Button5
  L__Button6
  L_Delay_10us0
  L_Delay_22us1
  L_Delay_50us2
  L_Delay_80us3
  L_Delay_500us4
  L_Delay_5500us5
  L_Delay_1ms6
  L_Delay_5ms7
  L_Delay_8ms8
  L_Delay_10ms9
  L_Delay_100ms10
  L_Delay_1sec11
  L_boot16_Delay_5ms12
  L_Delay_Cyc13
  L_Delay_Cyc14
  L_VDelay_ms15
  L_VDelay_ms16
  L_VDelay_ms17
  L_VDelay_Advanced_ms18
  L_VDelay_Advanced_ms19
  L_VDelay_Advanced_ms20
  L_end_Get_Fosc_kHz
  _Get_Fosc_kHz
  L_end_Delay_1us
  _Delay_1us
  L_end_Delay_10us
  _Delay_10us
  L_end_Delay_22us
  _Delay_22us
  L_end_Delay_50us
  _Delay_50us
  L_end_Delay_80us
  _Delay_80us
  L_end_Delay_500us
  _Delay_500us
  L_end_Delay_5500us
  _Delay_5500us
  L_end_Delay_1ms
  _Delay_1ms
  L_end_Delay_5ms
  _Delay_5ms
  L_end_Delay_8ms
  _Delay_8ms
  L_end_Delay_10ms
  _Delay_10ms
  L_end_Delay_100ms
  _Delay_100ms
  L_end_Delay_1sec
  _Delay_1sec
  L_end_boot16_Delay_5ms
  _boot16_Delay_5ms
  L_end_Delay_Cyc
  _Delay_Cyc
  L_end_VDelay_ms
  _VDelay_ms
  L__VDelay_ms38
  L__VDelay_ms39
  L__VDelay_ms40
  L_end_VDelay_Advanced_ms
  _VDelay_Advanced_ms
  L__VDelay_Advanced_ms42
  L__VDelay_Advanced_ms43
  L__VDelay_Advanced_ms44
  _CC2D_Loop1
  L_end_____DoICP
  _____DoICP
  L_end_____DoIFC
  _____DoIFC
  L_end___CC2DW
  ___CC2DW
  L_end_Swap
  _Swap
