;  LST file generated by mikroListExporter - v.2.0 
; Date/Time: 4/2/2012 8:18:51 PM
;----------------------------------------------

;Address Opcode 	ASM
0x0000	0x284E      	GOTO       78
_____DoICP:
;__Lib_System.c,6 :: 		
;__Lib_System.c,9 :: 		
0x0003	0x1283      	BCF        STATUS, 5
0x0004	0x0810      	MOVF       ___DoICPAddr+1, 0
0x0005	0x008A      	MOVWF      PCLATH
;__Lib_System.c,10 :: 		
0x0006	0x080F      	MOVF       ___DoICPAddr, 0
0x0007	0x0082      	MOVWF      PCL
;__Lib_System.c,12 :: 		
L_end_____DoICP:
0x0008	0x0008      	RETURN
; end of _____DoICP
_Div_8x8_U:
;__Lib_Math.c,189 :: 		
;__Lib_Math.c,196 :: 		
0x0009	0x1283      	BCF        STATUS, 5
;__Lib_Math.c,197 :: 		
0x000A	0x1303      	BCF        STATUS, 6
;__Lib_Math.c,198 :: 		
0x000B	0x01C8      	CLRF       R8
;__Lib_Math.c,199 :: 		
0x000C	0x3008      	MOVLW      8
;__Lib_Math.c,200 :: 		
0x000D	0x00CC      	MOVWF      R12
;__Lib_Math.c,201 :: 		
0x000E	0x0D40      	RLF        R0, 0
;__Lib_Math.c,202 :: 		
0x000F	0x0DC8      	RLF        R8, 1
;__Lib_Math.c,203 :: 		
0x0010	0x0844      	MOVF       R4, 0
;__Lib_Math.c,204 :: 		
0x0011	0x02C8      	SUBWF      R8, 1
;__Lib_Math.c,205 :: 		
0x0012	0x1803      	BTFSC      STATUS, 0
;__Lib_Math.c,206 :: 		
0x0013	0x2816      	GOTO       $+3
;__Lib_Math.c,207 :: 		
0x0014	0x07C8      	ADDWF      R8, 1
;__Lib_Math.c,208 :: 		
0x0015	0x1003      	BCF        STATUS, 0
;__Lib_Math.c,209 :: 		
0x0016	0x0DC0      	RLF        R0, 1
;__Lib_Math.c,210 :: 		
0x0017	0x0BCC      	DECFSZ     R12, 1
;__Lib_Math.c,211 :: 		
0x0018	0x280E      	GOTO       $-10
;__Lib_Math.c,213 :: 		
L_end_Div_8x8_U:
0x0019	0x0008      	RETURN
; end of _Div_8x8_U
_Mul_8x8_U:
;__Lib_Math.c,103 :: 		
;__Lib_Math.c,108 :: 		
0x001A	0x1283      	BCF        STATUS, 5
;__Lib_Math.c,109 :: 		
0x001B	0x1303      	BCF        STATUS, 6
;__Lib_Math.c,110 :: 		
0x001C	0x0840      	MOVF       R0, 0
;__Lib_Math.c,111 :: 		
0x001D	0x00C1      	MOVWF      R1
;__Lib_Math.c,112 :: 		
0x001E	0x01C0      	CLRF       R0
;__Lib_Math.c,113 :: 		
0x001F	0x3008      	MOVLW      8
;__Lib_Math.c,114 :: 		
0x0020	0x00CC      	MOVWF      R12
;__Lib_Math.c,115 :: 		
0x0021	0x0841      	MOVF       R1, 0
;__Lib_Math.c,116 :: 		
0x0022	0x0CC4      	RRF        R4, 1
;__Lib_Math.c,117 :: 		
0x0023	0x1803      	BTFSC      STATUS, 0
;__Lib_Math.c,118 :: 		
0x0024	0x2829      	GOTO       $+5
;__Lib_Math.c,119 :: 		
0x0025	0x0BCC      	DECFSZ     R12, 1
;__Lib_Math.c,120 :: 		
0x0026	0x2822      	GOTO       $-4
;__Lib_Math.c,121 :: 		
0x0027	0x01C1      	CLRF       R1
;__Lib_Math.c,122 :: 		
0x0028	0x3400      	RETLW      0
;__Lib_Math.c,123 :: 		
0x0029	0x1003      	BCF        STATUS, 0
;__Lib_Math.c,124 :: 		
0x002A	0x282E      	GOTO       $+4
;__Lib_Math.c,125 :: 		
0x002B	0x0CC4      	RRF        R4, 1
;__Lib_Math.c,126 :: 		
0x002C	0x1803      	BTFSC      STATUS, 0
;__Lib_Math.c,127 :: 		
0x002D	0x07C1      	ADDWF      R1, 1
;__Lib_Math.c,128 :: 		
0x002E	0x0CC1      	RRF        R1, 1
;__Lib_Math.c,129 :: 		
0x002F	0x0CC0      	RRF        R0, 1
;__Lib_Math.c,130 :: 		
0x0030	0x0BCC      	DECFSZ     R12, 1
;__Lib_Math.c,131 :: 		
0x0031	0x282B      	GOTO       $-6
;__Lib_Math.c,133 :: 		
;__Lib_Math.c,134 :: 		
L_end_Mul_8x8_U:
0x0032	0x0008      	RETURN
; end of _Mul_8x8_U
___CC2DW:
;__Lib_System.c,24 :: 		
;__Lib_System.c,27 :: 		
_CC2D_Loop1:
;__Lib_System.c,29 :: 		
0x0033	0x2003      	CALL       _____DoICP
0x0034	0x118A      	BCF        PCLATH, 3
0x0035	0x120A      	BCF        PCLATH, 4
;__Lib_System.c,31 :: 		
0x0036	0x0080      	MOVWF      INDF
;__Lib_System.c,32 :: 		
0x0037	0x0A84      	INCF       FSR, 1
;__Lib_System.c,33 :: 		
0x0038	0x0A8F      	INCF       ___DoICPAddr, 1
;__Lib_System.c,35 :: 		
0x0039	0x1903      	BTFSC      STATUS, 2
;__Lib_System.c,36 :: 		
0x003A	0x0A90      	INCF       ___DoICPAddr+1, 1
;__Lib_System.c,37 :: 		
0x003B	0x03C0      	DECF       R0, 1
;__Lib_System.c,39 :: 		
0x003C	0x1D03      	BTFSS      STATUS, 2
;__Lib_System.c,40 :: 		
0x003D	0x2833      	GOTO       _CC2D_Loop1
;__Lib_System.c,42 :: 		
L_end___CC2DW:
0x003E	0x0008      	RETURN
; end of ___CC2DW
_separateunits:
;DisplayTemp3.c,57 :: 		void separateunits()
;DisplayTemp3.c,59 :: 		dec=tempchar/10;
0x003F	0x300A      	MOVLW      10
0x0040	0x1283      	BCF        STATUS, 5
0x0041	0x00C4      	MOVWF      R4
0x0042	0x0812      	MOVF       _tempchar, 0
0x0043	0x00C0      	MOVWF      R0
0x0044	0x2009      	CALL       _Div_8x8_U
0x0045	0x0840      	MOVF       R0, 0
0x0046	0x0091      	MOVWF      _dec
;DisplayTemp3.c,60 :: 		uni=tempchar-(dec*10);
0x0047	0x300A      	MOVLW      10
0x0048	0x00C4      	MOVWF      R4
0x0049	0x201A      	CALL       _Mul_8x8_U
0x004A	0x0840      	MOVF       R0, 0
0x004B	0x0212      	SUBWF      _tempchar, 0
0x004C	0x008C      	MOVWF      _uni
;DisplayTemp3.c,61 :: 		}
L_end_separateunits:
0x004D	0x0008      	RETURN
; end of _separateunits
_main:
;DisplayTemp3.c,10 :: 		void main() {
;DisplayTemp3.c,11 :: 		TRISA=0b00011100;
0x004E	0x301C      	MOVLW      28
0x004F	0x1683      	BSF        STATUS, 5
0x0050	0x0085      	MOVWF      TRISA
;DisplayTemp3.c,12 :: 		TRISB=0x00;
0x0051	0x0186      	CLRF       TRISB
;DisplayTemp3.c,13 :: 		RA0_bit=1;
0x0052	0x1283      	BCF        STATUS, 5
0x0053	0x1405      	BSF        RA0_bit, 0
;DisplayTemp3.c,14 :: 		PORTB=Segments[1];
0x0054	0x3011      	MOVLW      17
0x0055	0x0086      	MOVWF      PORTB
;DisplayTemp3.c,15 :: 		delay_ms(200);
0x0056	0x3002      	MOVLW      2
0x0057	0x00CB      	MOVWF      R11
0x0058	0x3004      	MOVLW      4
0x0059	0x00CC      	MOVWF      R12
0x005A	0x30BA      	MOVLW      186
0x005B	0x00CD      	MOVWF      R13
L_main0:
0x005C	0x0BCD      	DECFSZ     R13, 1
0x005D	0x285C      	GOTO       L_main0
0x005E	0x0BCC      	DECFSZ     R12, 1
0x005F	0x285C      	GOTO       L_main0
0x0060	0x0BCB      	DECFSZ     R11, 1
0x0061	0x285C      	GOTO       L_main0
0x0062	0x0000      	NOP
;DisplayTemp3.c,16 :: 		PORTB=Segments[2];
0x0063	0x306B      	MOVLW      107
0x0064	0x0086      	MOVWF      PORTB
;DisplayTemp3.c,17 :: 		delay_ms(200);
0x0065	0x3002      	MOVLW      2
0x0066	0x00CB      	MOVWF      R11
0x0067	0x3004      	MOVLW      4
0x0068	0x00CC      	MOVWF      R12
0x0069	0x30BA      	MOVLW      186
0x006A	0x00CD      	MOVWF      R13
L_main1:
0x006B	0x0BCD      	DECFSZ     R13, 1
0x006C	0x286B      	GOTO       L_main1
0x006D	0x0BCC      	DECFSZ     R12, 1
0x006E	0x286B      	GOTO       L_main1
0x006F	0x0BCB      	DECFSZ     R11, 1
0x0070	0x286B      	GOTO       L_main1
0x0071	0x0000      	NOP
;DisplayTemp3.c,18 :: 		PORTB=Segments[3];
0x0072	0x306E      	MOVLW      110
0x0073	0x0086      	MOVWF      PORTB
;DisplayTemp3.c,19 :: 		delay_ms(200);
0x0074	0x3002      	MOVLW      2
0x0075	0x00CB      	MOVWF      R11
0x0076	0x3004      	MOVLW      4
0x0077	0x00CC      	MOVWF      R12
0x0078	0x30BA      	MOVLW      186
0x0079	0x00CD      	MOVWF      R13
L_main2:
0x007A	0x0BCD      	DECFSZ     R13, 1
0x007B	0x287A      	GOTO       L_main2
0x007C	0x0BCC      	DECFSZ     R12, 1
0x007D	0x287A      	GOTO       L_main2
0x007E	0x0BCB      	DECFSZ     R11, 1
0x007F	0x287A      	GOTO       L_main2
0x0080	0x0000      	NOP
;DisplayTemp3.c,20 :: 		PORTB=Segments[4];
0x0081	0x305C      	MOVLW      92
0x0082	0x0086      	MOVWF      PORTB
;DisplayTemp3.c,21 :: 		delay_ms(200);
0x0083	0x3002      	MOVLW      2
0x0084	0x00CB      	MOVWF      R11
0x0085	0x3004      	MOVLW      4
0x0086	0x00CC      	MOVWF      R12
0x0087	0x30BA      	MOVLW      186
0x0088	0x00CD      	MOVWF      R13
L_main3:
0x0089	0x0BCD      	DECFSZ     R13, 1
0x008A	0x2889      	GOTO       L_main3
0x008B	0x0BCC      	DECFSZ     R12, 1
0x008C	0x2889      	GOTO       L_main3
0x008D	0x0BCB      	DECFSZ     R11, 1
0x008E	0x2889      	GOTO       L_main3
0x008F	0x0000      	NOP
;DisplayTemp3.c,22 :: 		PORTB=Segments[5];
0x0090	0x303E      	MOVLW      62
0x0091	0x0086      	MOVWF      PORTB
;DisplayTemp3.c,23 :: 		delay_ms(200);
0x0092	0x3002      	MOVLW      2
0x0093	0x00CB      	MOVWF      R11
0x0094	0x3004      	MOVLW      4
0x0095	0x00CC      	MOVWF      R12
0x0096	0x30BA      	MOVLW      186
0x0097	0x00CD      	MOVWF      R13
L_main4:
0x0098	0x0BCD      	DECFSZ     R13, 1
0x0099	0x2898      	GOTO       L_main4
0x009A	0x0BCC      	DECFSZ     R12, 1
0x009B	0x2898      	GOTO       L_main4
0x009C	0x0BCB      	DECFSZ     R11, 1
0x009D	0x2898      	GOTO       L_main4
0x009E	0x0000      	NOP
;DisplayTemp3.c,26 :: 		while(1)
L_main5:
;DisplayTemp3.c,29 :: 		separateunits();
0x009F	0x203F      	CALL       _separateunits
;DisplayTemp3.c,30 :: 		for(i=0;i<45;i++)
0x00A0	0x018D      	CLRF       _i
L_main7:
0x00A1	0x302D      	MOVLW      45
0x00A2	0x020D      	SUBWF      _i, 0
0x00A3	0x1803      	BTFSC      STATUS, 0
0x00A4	0x28D9      	GOTO       L_main8
;DisplayTemp3.c,32 :: 		PORTB=Segments[dec];
0x00A5	0x0811      	MOVF       _dec, 0
0x00A6	0x3EFE      	ADDLW      _Segments
0x00A7	0x00C0      	MOVWF      R0
0x00A8	0x3000      	MOVLW      hi_addr(_Segments)
0x00A9	0x1803      	BTFSC      STATUS, 0
0x00AA	0x3E01      	ADDLW      1
0x00AB	0x00C1      	MOVWF      R0+1
0x00AC	0x0840      	MOVF       R0, 0
0x00AD	0x008F      	MOVWF      ___DoICPAddr
0x00AE	0x0841      	MOVF       R0+1, 0
0x00AF	0x0090      	MOVWF      ___DoICPAddr+1
0x00B0	0x2003      	CALL       _____DoICP
0x00B1	0x118A      	BCF        PCLATH, 3
0x00B2	0x120A      	BCF        PCLATH, 4
0x00B3	0x0086      	MOVWF      PORTB
;DisplayTemp3.c,33 :: 		RA0_bit=1;
0x00B4	0x1405      	BSF        RA0_bit, 0
;DisplayTemp3.c,34 :: 		RA1_bit=0;
0x00B5	0x1085      	BCF        RA1_bit, 1
;DisplayTemp3.c,35 :: 		delay_ms(1);
0x00B6	0x3002      	MOVLW      2
0x00B7	0x00CC      	MOVWF      R12
0x00B8	0x304B      	MOVLW      75
0x00B9	0x00CD      	MOVWF      R13
L_main10:
0x00BA	0x0BCD      	DECFSZ     R13, 1
0x00BB	0x28BA      	GOTO       L_main10
0x00BC	0x0BCC      	DECFSZ     R12, 1
0x00BD	0x28BA      	GOTO       L_main10
;DisplayTemp3.c,36 :: 		PORTB=Segments[uni];
0x00BE	0x080C      	MOVF       _uni, 0
0x00BF	0x3EFE      	ADDLW      _Segments
0x00C0	0x00C0      	MOVWF      R0
0x00C1	0x3000      	MOVLW      hi_addr(_Segments)
0x00C2	0x1803      	BTFSC      STATUS, 0
0x00C3	0x3E01      	ADDLW      1
0x00C4	0x00C1      	MOVWF      R0+1
0x00C5	0x0840      	MOVF       R0, 0
0x00C6	0x008F      	MOVWF      ___DoICPAddr
0x00C7	0x0841      	MOVF       R0+1, 0
0x00C8	0x0090      	MOVWF      ___DoICPAddr+1
0x00C9	0x2003      	CALL       _____DoICP
0x00CA	0x118A      	BCF        PCLATH, 3
0x00CB	0x120A      	BCF        PCLATH, 4
0x00CC	0x0086      	MOVWF      PORTB
;DisplayTemp3.c,37 :: 		RA0_bit=0;
0x00CD	0x1005      	BCF        RA0_bit, 0
;DisplayTemp3.c,38 :: 		RA1_bit=1;
0x00CE	0x1485      	BSF        RA1_bit, 1
;DisplayTemp3.c,39 :: 		delay_ms(1);
0x00CF	0x3002      	MOVLW      2
0x00D0	0x00CC      	MOVWF      R12
0x00D1	0x304B      	MOVLW      75
0x00D2	0x00CD      	MOVWF      R13
L_main11:
0x00D3	0x0BCD      	DECFSZ     R13, 1
0x00D4	0x28D3      	GOTO       L_main11
0x00D5	0x0BCC      	DECFSZ     R12, 1
0x00D6	0x28D3      	GOTO       L_main11
;DisplayTemp3.c,30 :: 		for(i=0;i<45;i++)
0x00D7	0x0A8D      	INCF       _i, 1
;DisplayTemp3.c,40 :: 		}
0x00D8	0x28A1      	GOTO       L_main7
L_main8:
;DisplayTemp3.c,41 :: 		tempchar=0;
0x00D9	0x0192      	CLRF       _tempchar
;DisplayTemp3.c,42 :: 		for(i=0;i<8;i++){
0x00DA	0x018D      	CLRF       _i
L_main12:
0x00DB	0x3008      	MOVLW      8
0x00DC	0x020D      	SUBWF      _i, 0
0x00DD	0x1803      	BTFSC      STATUS, 0
0x00DE	0x28FC      	GOTO       L_main13
;DisplayTemp3.c,43 :: 		while(RA2_bit==0);
L_main15:
0x00DF	0x1905      	BTFSC      RA2_bit, 2
0x00E0	0x28E2      	GOTO       L_main16
0x00E1	0x28DF      	GOTO       L_main15
L_main16:
;DisplayTemp3.c,44 :: 		if(RA3_bit==0x01)tempchar2=BITS[i];
0x00E2	0x1D85      	BTFSS      RA3_bit, 3
0x00E3	0x28F4      	GOTO       L_main17
0x00E4	0x080D      	MOVF       _i, 0
0x00E5	0x3E08      	ADDLW      _BITS
0x00E6	0x00C0      	MOVWF      R0
0x00E7	0x3001      	MOVLW      hi_addr(_BITS)
0x00E8	0x1803      	BTFSC      STATUS, 0
0x00E9	0x3E01      	ADDLW      1
0x00EA	0x00C1      	MOVWF      R0+1
0x00EB	0x0840      	MOVF       R0, 0
0x00EC	0x008F      	MOVWF      ___DoICPAddr
0x00ED	0x0841      	MOVF       R0+1, 0
0x00EE	0x0090      	MOVWF      ___DoICPAddr+1
0x00EF	0x2003      	CALL       _____DoICP
0x00F0	0x118A      	BCF        PCLATH, 3
0x00F1	0x120A      	BCF        PCLATH, 4
0x00F2	0x008E      	MOVWF      _tempchar2
0x00F3	0x28F5      	GOTO       L_main18
L_main17:
;DisplayTemp3.c,45 :: 		else tempchar2=0x00;
0x00F4	0x018E      	CLRF       _tempchar2
L_main18:
;DisplayTemp3.c,47 :: 		tempchar|=tempchar2;
0x00F5	0x080E      	MOVF       _tempchar2, 0
0x00F6	0x0492      	IORWF      _tempchar, 1
;DisplayTemp3.c,48 :: 		while(RA2_bit==1);
L_main19:
0x00F7	0x1D05      	BTFSS      RA2_bit, 2
0x00F8	0x28FA      	GOTO       L_main20
0x00F9	0x28F7      	GOTO       L_main19
L_main20:
;DisplayTemp3.c,42 :: 		for(i=0;i<8;i++){
0x00FA	0x0A8D      	INCF       _i, 1
;DisplayTemp3.c,49 :: 		}
0x00FB	0x28DB      	GOTO       L_main12
L_main13:
;DisplayTemp3.c,52 :: 		}
0x00FC	0x289F      	GOTO       L_main5
;DisplayTemp3.c,55 :: 		}
L_end_main:
0x00FD	0x28FD      	GOTO       $+0
; end of _main
;DisplayTemp3.c,1 :: _Segments
0x00FE	0x3477 ;_Segments+0
0x00FF	0x3411 ;_Segments+1
0x0100	0x346B ;_Segments+2
0x0101	0x346E ;_Segments+3
0x0102	0x345C ;_Segments+4
0x0103	0x343E ;_Segments+5
0x0104	0x341F ;_Segments+6
0x0105	0x3464 ;_Segments+7
0x0106	0x347F ;_Segments+8
0x0107	0x347C ;_Segments+9
; end of _Segments
;DisplayTemp3.c,2 :: _BITS
0x0108	0x3401 ;_BITS+0
0x0109	0x3402 ;_BITS+1
0x010A	0x3404 ;_BITS+2
0x010B	0x3408 ;_BITS+3
0x010C	0x3410 ;_BITS+4
0x010D	0x3420 ;_BITS+5
0x010E	0x3440 ;_BITS+6
0x010F	0x3480 ;_BITS+7
; end of _BITS
Symbol List:
//** Routines locations **
//ADDRESS    SIZE    PROCEDURE
//----------------------------------------------
0x0003       [6]    _____DoICP
0x0009      [17]    _Div_8x8_U
0x001A      [25]    _Mul_8x8_U
0x0033      [12]    ___CC2DW
0x003F      [15]    _separateunits
0x004E     [176]    _main
//** Variables locations ** 
//ADDRESS    SIZE    VARIABLE
//----------------------------------------------
0x0000       [1]    INDF
0x0002       [1]    PCL
0x0003       [1]    STATUS
0x0004       [1]    FSR
0x0005       [1]    PORTA
0x0005       [0]    RA1_bit
0x0005       [0]    RA0_bit
0x0005       [0]    RA2_bit
0x0005       [0]    RA3_bit
0x0006       [1]    PORTB
0x000A       [1]    PCLATH
0x000B       [1]    INTCON
0x000C       [1]    _uni
0x000D       [1]    _i
0x000E       [1]    _tempchar2
0x000F       [2]    ___DoICPAddr
0x0011       [1]    _dec
0x0012       [1]    _tempchar
0x0040       [1]    R0
0x0041       [1]    R1
0x0042       [1]    R2
0x0043       [1]    R3
0x0044       [1]    R4
0x0045       [1]    R5
0x0046       [1]    R6
0x0047       [1]    R7
0x0048       [1]    R8
0x0049       [1]    R9
0x004A       [1]    R10
0x004B       [1]    R11
0x004C       [1]    R12
0x004D       [1]    R13
0x004E       [1]    R14
0x004F       [1]    R15
0x0081       [1]    OPTION_REG
0x0085       [1]    TRISA
0x0086       [1]    TRISB
0x0088       [1]    EECON1
//** Constants locations ** 
//ADDRESS    SIZE    CONSTANT
//----------------------------------------------
0x00FE      [10]    _Segments
0x0108       [8]    _BITS
//** Label List: ** 
//----------------------------------------------
  L_main0
  L_main1
  L_main2
  L_main3
  L_main4
  L_main5
  L_main6
  L_main7
  L_main8
  L_main9
  L_main10
  L_main11
  L_main12
  L_main13
  L_main14
  L_main15
  L_main16
  L_main17
  L_main18
  L_main19
  L_main20
  L_end_main
  _main
  L_end_separateunits
  _separateunits
  L_end_P16F84A___?ag
  P16F84A____?ag
  L_Div_16x16_S0
  L_Div_16x16_S1
  LOOPS3232A
  SADD22LA
  SOK22LA
  SADD22L8
  SOK22L8
  LOOPS3232B
  SADD22LB
  SOK22LB
  SADD22L16
  SOK22L16
  LOOPS3232C
  SADD22LC
  SOK22LC
  SADD22L24
  SOK22L24
  LOOPS3232D
  SADD22LD
  SOK22LD
  SOK22L
  L_Div_32x32_S6
  L_Div_32x32_S7
  L_Div_32x32_S8
  L_Div_32x32_S9
  FXD3232S
  END_ALL
  CA3232S
  C3232SX
  C3232SX1
  C3232S
  C3232S2
  C3232SX4
  C3232SOK
  C3232SX3
  C3232SX2
  avoid_comfrem
  LOOPU3232A
  UADD22LA
  UOK22LA
  UADD22L8
  UOK22L8
  LOOPU3232B
  UADD22LB
  UOK22LB
  UADD22L16
  UOK22L16
  LOOPU3232C
  UADD22LC
  UOK22LC
  UADD22L24
  UOK22L24
  LOOPU3232D
  UADD22LD
  UOK22LD
  UOK22L
  _NEXT
  _EXIT2
  _LOOP
  _EXIT1
  _IF_FIRST
  _IF_SECOND
  _INVERCE_FIRST
  _MULT
  _INBERSE_SECOND
  _EXIT
  L_end_Mul_8x8_U
  _Mul_8x8_U
  L_end_Mul_16x16_U
  _Mul_16x16_U
  L_end_Div_8x8_U
  _Div_8x8_U
  L_end_Div_16x16_U
  _Div_16x16_U
  L_end_Mul_8x8_S
  _Mul_8x8_S
  L_end_Mul_16x16_S
  _Mul_16x16_S
  L_end_Div_16x16_S_L
  _Div_16x16_S_L
  L_end_Div_16x16_S
  _Div_16x16_S
  L_end_Div_8x8_S
  _Div_8x8_S
  L_end_SDIV3232L
  _SDIV3232L
  L_end_COMFREM
  _COMFREM
  L_end_Div_32x32_S
  _Div_32x32_S
  L_end_Div_32x32_U
  _Div_32x32_U
  L_end_Mul_32x32_U
  _Mul_32x32_U
  L_end_Mul_32x32_S
  _Mul_32x32_S
  _CC2D_Loop1
  L_end_____DoICP
  _____DoICP
  L_end_____DoIFC
  _____DoIFC
  L_end___CC2DW
  ___CC2DW
  L_end_Swap
  _Swap
