;  LST file generated by mikroListExporter - v.2.0 
; Date/Time: 4/2/2012 8:18:24 PM
;----------------------------------------------

;Address Opcode 	ASM
0x0000	0x2821      	GOTO       33
_____DoICP:
;__Lib_System.c,6 :: 		
;__Lib_System.c,9 :: 		
0x0003	0x1283      	BCF        STATUS, 5
0x0004	0x0811      	MOVF       ___DoICPAddr+1, 0
0x0005	0x008A      	MOVWF      PCLATH
;__Lib_System.c,10 :: 		
0x0006	0x0810      	MOVF       ___DoICPAddr, 0
0x0007	0x0082      	MOVWF      PCL
;__Lib_System.c,12 :: 		
L_end_____DoICP:
0x0008	0x0008      	RETURN
; end of _____DoICP
_portstate:
;ReceptorDigital.c,7 :: 		void portstate()
;ReceptorDigital.c,9 :: 		if(temp1>=MINTEMP)PORTA=temp3|0x04;
0x0009	0x300A      	MOVLW      10
0x000A	0x1283      	BCF        STATUS, 5
0x000B	0x020F      	SUBWF      _temp1, 0
0x000C	0x1C03      	BTFSS      STATUS, 0
0x000D	0x2812      	GOTO       L_portstate0
0x000E	0x3004      	MOVLW      4
0x000F	0x040E      	IORWF      _temp3, 0
0x0010	0x0085      	MOVWF      PORTA
0x0011	0x2814      	GOTO       L_portstate1
L_portstate0:
;ReceptorDigital.c,10 :: 		else PORTA=temp3;
0x0012	0x080E      	MOVF       _temp3, 0
0x0013	0x0085      	MOVWF      PORTA
L_portstate1:
;ReceptorDigital.c,12 :: 		}
L_end_portstate:
0x0014	0x0008      	RETURN
; end of _portstate
___CC2DW:
;__Lib_System.c,24 :: 		
;__Lib_System.c,27 :: 		
_CC2D_Loop1:
;__Lib_System.c,29 :: 		
0x0015	0x2003      	CALL       _____DoICP
0x0016	0x118A      	BCF        PCLATH, 3
0x0017	0x120A      	BCF        PCLATH, 4
;__Lib_System.c,31 :: 		
0x0018	0x0080      	MOVWF      INDF
;__Lib_System.c,32 :: 		
0x0019	0x0A84      	INCF       FSR, 1
;__Lib_System.c,33 :: 		
0x001A	0x0A90      	INCF       ___DoICPAddr, 1
;__Lib_System.c,35 :: 		
0x001B	0x1903      	BTFSC      STATUS, 2
;__Lib_System.c,36 :: 		
0x001C	0x0A91      	INCF       ___DoICPAddr+1, 1
;__Lib_System.c,37 :: 		
0x001D	0x03C0      	DECF       R0, 1
;__Lib_System.c,39 :: 		
0x001E	0x1D03      	BTFSS      STATUS, 2
;__Lib_System.c,40 :: 		
0x001F	0x2815      	GOTO       _CC2D_Loop1
;__Lib_System.c,42 :: 		
L_end___CC2DW:
0x0020	0x0008      	RETURN
; end of ___CC2DW
_main:
;ReceptorDigital.c,14 :: 		void main() {
;ReceptorDigital.c,15 :: 		TRISA=0x00;
0x0021	0x1683      	BSF        STATUS, 5
0x0022	0x0185      	CLRF       TRISA
;ReceptorDigital.c,16 :: 		TRISB=0xFF;
0x0023	0x30FF      	MOVLW      255
0x0024	0x0086      	MOVWF      TRISB
;ReceptorDigital.c,17 :: 		PORTA=0x00;
0x0025	0x1283      	BCF        STATUS, 5
0x0026	0x0185      	CLRF       PORTA
;ReceptorDigital.c,18 :: 		delay_ms(1000);
0x0027	0x3006      	MOVLW      6
0x0028	0x00CB      	MOVWF      R11
0x0029	0x3013      	MOVLW      19
0x002A	0x00CC      	MOVWF      R12
0x002B	0x30AD      	MOVLW      173
0x002C	0x00CD      	MOVWF      R13
L_main2:
0x002D	0x0BCD      	DECFSZ     R13, 1
0x002E	0x282D      	GOTO       L_main2
0x002F	0x0BCC      	DECFSZ     R12, 1
0x0030	0x282D      	GOTO       L_main2
0x0031	0x0BCB      	DECFSZ     R11, 1
0x0032	0x282D      	GOTO       L_main2
0x0033	0x0000      	NOP
0x0034	0x0000      	NOP
;ReceptorDigital.c,19 :: 		for(;;)
L_main3:
;ReceptorDigital.c,21 :: 		temp1=PORTB;
0x0035	0x0806      	MOVF       PORTB, 0
0x0036	0x008F      	MOVWF      _temp1
;ReceptorDigital.c,22 :: 		delay_ms(100);
0x0037	0x3082      	MOVLW      130
0x0038	0x00CC      	MOVWF      R12
0x0039	0x30DD      	MOVLW      221
0x003A	0x00CD      	MOVWF      R13
L_main6:
0x003B	0x0BCD      	DECFSZ     R13, 1
0x003C	0x283B      	GOTO       L_main6
0x003D	0x0BCC      	DECFSZ     R12, 1
0x003E	0x283B      	GOTO       L_main6
0x003F	0x0000      	NOP
0x0040	0x0000      	NOP
;ReceptorDigital.c,23 :: 		for(i=0;i<8;i++)
0x0041	0x018C      	CLRF       _i
L_main7:
0x0042	0x3008      	MOVLW      8
0x0043	0x020C      	SUBWF      _i, 0
0x0044	0x1803      	BTFSC      STATUS, 0
0x0045	0x286F      	GOTO       L_main8
;ReceptorDigital.c,25 :: 		temp2=temp1>>i;
0x0046	0x080C      	MOVF       _i, 0
0x0047	0x00C0      	MOVWF      R0
0x0048	0x080F      	MOVF       _temp1, 0
0x0049	0x00C1      	MOVWF      R1
0x004A	0x0840      	MOVF       R0, 0
L__main16:
0x004B	0x1903      	BTFSC      STATUS, 2
0x004C	0x2851      	GOTO       L__main17
0x004D	0x0CC1      	RRF        R1, 1
0x004E	0x13C1      	BCF        R1, 7
0x004F	0x3EFF      	ADDLW      255
0x0050	0x284B      	GOTO       L__main16
L__main17:
0x0051	0x0841      	MOVF       R1, 0
0x0052	0x008D      	MOVWF      _temp2
;ReceptorDigital.c,26 :: 		if(temp2&0x01==0x01)temp3=0x03;
0x0053	0x1C41      	BTFSS      R1, 0
0x0054	0x2858      	GOTO       L_main10
0x0055	0x3003      	MOVLW      3
0x0056	0x008E      	MOVWF      _temp3
0x0057	0x285A      	GOTO       L_main11
L_main10:
;ReceptorDigital.c,27 :: 		else temp3=0x01;
0x0058	0x3001      	MOVLW      1
0x0059	0x008E      	MOVWF      _temp3
L_main11:
;ReceptorDigital.c,28 :: 		portstate();
0x005A	0x2009      	CALL       _portstate
;ReceptorDigital.c,29 :: 		delay_ms(1);
0x005B	0x3002      	MOVLW      2
0x005C	0x00CC      	MOVWF      R12
0x005D	0x304B      	MOVLW      75
0x005E	0x00CD      	MOVWF      R13
L_main12:
0x005F	0x0BCD      	DECFSZ     R13, 1
0x0060	0x285F      	GOTO       L_main12
0x0061	0x0BCC      	DECFSZ     R12, 1
0x0062	0x285F      	GOTO       L_main12
;ReceptorDigital.c,30 :: 		temp3=0x00;
0x0063	0x018E      	CLRF       _temp3
;ReceptorDigital.c,31 :: 		portstate();
0x0064	0x2009      	CALL       _portstate
;ReceptorDigital.c,32 :: 		delay_ms(1);
0x0065	0x3002      	MOVLW      2
0x0066	0x00CC      	MOVWF      R12
0x0067	0x304B      	MOVLW      75
0x0068	0x00CD      	MOVWF      R13
L_main13:
0x0069	0x0BCD      	DECFSZ     R13, 1
0x006A	0x2869      	GOTO       L_main13
0x006B	0x0BCC      	DECFSZ     R12, 1
0x006C	0x2869      	GOTO       L_main13
;ReceptorDigital.c,23 :: 		for(i=0;i<8;i++)
0x006D	0x0A8C      	INCF       _i, 1
;ReceptorDigital.c,42 :: 		}
0x006E	0x2842      	GOTO       L_main7
L_main8:
;ReceptorDigital.c,43 :: 		}
0x006F	0x2835      	GOTO       L_main3
;ReceptorDigital.c,44 :: 		}
L_end_main:
0x0070	0x2870      	GOTO       $+0
; end of _main
Symbol List:
//** Routines locations **
//ADDRESS    SIZE    PROCEDURE
//----------------------------------------------
0x0003       [6]    _____DoICP
0x0009      [12]    _portstate
0x0015      [12]    ___CC2DW
0x0021      [80]    _main
//** Variables locations ** 
//ADDRESS    SIZE    VARIABLE
//----------------------------------------------
0x0000       [1]    INDF
0x0002       [1]    PCL
0x0003       [1]    STATUS
0x0004       [1]    FSR
0x0005       [1]    PORTA
0x0006       [1]    PORTB
0x000A       [1]    PCLATH
0x000B       [1]    INTCON
0x000C       [1]    _i
0x000D       [1]    _temp2
0x000E       [1]    _temp3
0x000F       [1]    _temp1
0x0010       [2]    ___DoICPAddr
0x0040       [1]    R0
0x0041       [1]    R1
0x0042       [1]    R2
0x0043       [1]    R3
0x0044       [1]    R4
0x0045       [1]    R5
0x0046       [1]    R6
0x0047       [1]    R7
0x0048       [1]    R8
0x0049       [1]    R9
0x004A       [1]    R10
0x004B       [1]    R11
0x004C       [1]    R12
0x004D       [1]    R13
0x004E       [1]    R14
0x004F       [1]    R15
0x0081       [1]    OPTION_REG
0x0085       [1]    TRISA
0x0086       [1]    TRISB
0x0088       [1]    EECON1
//** Label List: ** 
//----------------------------------------------
  L_end_P16F84A___?ag
  P16F84A____?ag
  L_portstate0
  L_portstate1
  L_main2
  L_main3
  L_main4
  L_main5
  L_main6
  L_main7
  L_main8
  L_main9
  L_main10
  L_main11
  L_main12
  L_main13
  L_end_portstate
  _portstate
  L_end_main
  _main
  L__main16
  L__main17
  _CC2D_Loop1
  L_end_____DoICP
  _____DoICP
  L_end_____DoIFC
  _____DoIFC
  L_end___CC2DW
  ___CC2DW
  L_end_Swap
  _Swap
